# JRE version: OpenJDK Runtime Environment Microsoft-8035250 (11.0.20+8) (build 11.0.20+8-LTS)
# Java VM: OpenJDK 64-Bit Server VM Microsoft-8035250 (11.0.20+8-LTS, mixed mode, tiered, compressed oops, g1 gc, windows-amd64)
Heap:
 garbage-first heap   total 258048K, used 101626K [0x0000000704e00000, 0x0000000800000000)
  region size 1024K, 79 young (80896K), 8 survivors (8192K)
 Metaspace       used 57478K, capacity 58133K, committed 58368K, reserved 1101824K
  class space    used 6610K, capacity 6906K, committed 6912K, reserved 1048576K
GC Heap History (10 events):
Event: 1.607 GC heap before
{Heap before GC invocations=0 (full 0):
 garbage-first heap   total 258048K, used 27648K [0x0000000704e00000, 0x0000000800000000)
  region size 1024K, 24 young (24576K), 0 survivors (0K)
 Metaspace       used 12174K, capacity 12280K, committed 12544K, reserved 1060864K
  class space    used 1124K, capacity 1175K, committed 1280K, reserved 1048576K
}
Event: 1.648 GC heap after
{Heap after GC invocations=1 (full 0):
 garbage-first heap   total 258048K, used 5741K [0x0000000704e00000, 0x0000000800000000)
  region size 1024K, 3 young (3072K), 3 survivors (3072K)
 Metaspace       used 12174K, capacity 12280K, committed 12544K, reserved 1060864K
  class space    used 1124K, capacity 1175K, committed 1280K, reserved 1048576K
}
Event: 3.343 GC heap before
{Heap before GC invocations=1 (full 0):
 garbage-first heap   total 258048K, used 42605K [0x0000000704e00000, 0x0000000800000000)
  region size 1024K, 40 young (40960K), 3 survivors (3072K)
 Metaspace       used 20949K, capacity 21138K, committed 21248K, reserved 1069056K
  class space    used 2175K, capacity 2243K, committed 2304K, reserved 1048576K
}
Event: 3.358 GC heap after
{Heap after GC invocations=2 (full 0):
 garbage-first heap   total 258048K, used 9154K [0x0000000704e00000, 0x0000000800000000)
  region size 1024K, 6 young (6144K), 6 survivors (6144K)
 Metaspace       used 20949K, capacity 21138K, committed 21248K, reserved 1069056K
  class space    used 2175K, capacity 2243K, committed 2304K, reserved 1048576K
}
Event: 5.191 GC heap before
{Heap before GC invocations=3 (full 0):
 garbage-first heap   total 258048K, used 65474K [0x0000000704e00000, 0x0000000800000000)
  region size 1024K, 56 young (57344K), 6 survivors (6144K)
 Metaspace       used 32524K, capacity 32927K, committed 33152K, reserved 1079296K
  class space    used 3986K, capacity 4182K, committed 4224K, reserved 1048576K
}
Event: 5.203 GC heap after
{Heap after GC invocations=4 (full 0):
 garbage-first heap   total 258048K, used 20789K [0x0000000704e00000, 0x0000000800000000)
  region size 1024K, 7 young (7168K), 7 survivors (7168K)
 Metaspace       used 32524K, capacity 32927K, committed 33152K, reserved 1079296K
  class space    used 3986K, capacity 4182K, committed 4224K, reserved 1048576K
}
Event: 5.610 GC heap before
{Heap before GC invocations=4 (full 0):
 garbage-first heap   total 258048K, used 33077K [0x0000000704e00000, 0x0000000800000000)
  region size 1024K, 20 young (20480K), 7 survivors (7168K)
 Metaspace       used 35364K, capacity 35786K, committed 35840K, reserved 1081344K
  class space    used 4293K, capacity 4474K, committed 4480K, reserved 1048576K
}
Event: 5.622 GC heap after
{Heap after GC invocations=5 (full 0):
 garbage-first heap   total 258048K, used 23055K [0x0000000704e00000, 0x0000000800000000)
  region size 1024K, 2 young (2048K), 2 survivors (2048K)
 Metaspace       used 35364K, capacity 35786K, committed 35840K, reserved 1081344K
  class space    used 4293K, capacity 4474K, committed 4480K, reserved 1048576K
}
Event: 7.796 GC heap before
{Heap before GC invocations=6 (full 0):
 garbage-first heap   total 258048K, used 85519K [0x0000000704e00000, 0x0000000800000000)
  region size 1024K, 62 young (63488K), 2 survivors (2048K)
 Metaspace       used 47365K, capacity 47886K, committed 48000K, reserved 1091584K
  class space    used 5488K, capacity 5725K, committed 5760K, reserved 1048576K
}
Event: 7.804 GC heap after
{Heap after GC invocations=7 (full 0):
 garbage-first heap   total 258048K, used 28922K [0x0000000704e00000, 0x0000000800000000)
  region size 1024K, 8 young (8192K), 8 survivors (8192K)
 Metaspace       used 47365K, capacity 47886K, committed 48000K, reserved 1091584K
  class space    used 5488K, capacity 5725K, committed 5760K, reserved 1048576K
}

